<?xml version="1.0" encoding="UTF-8"?>
<!-- Generated by org.testng.reporters.JUnitReportReporter -->
<testsuite skipped="0" hostname="DESKTOP-T90AM56" name="Test.TC001" tests="1" failures="0" timestamp="17 Aug 2018 11:58:27 GMT" time="0.016" errors="0">
  <testcase name="test1" time="0.016" classname="Test.TC001"/>
</testsuite> <!-- Test.TC001 -->
